[0;36m[2025-10-29 21:45:49][0m Initializing task tracker from segmentation...
[0;32m✓[0m Task tracker initialized with Phase 1 tasks
[0;32m✓[0m No blocking dependencies!
[0;36m[2025-10-29 23:37:00][0m Backup created: .task-backups/tracker-20251029-233700.json
[0;36m[2025-10-29 23:37:00][0m Initializing task tracker from segmentation...
[0;32m✓[0m Task tracker initialized with Phase 1 tasks
[0;36m[2025-10-29 23:48:09][0m Backup created: .task-backups/tracker-20251029-234809.json
[0;36m[2025-10-29 23:48:09][0m Starting task: IMP-001-T1
[1;33m⚠[0m   Criterion not met!
[1;33m⚠[0m   Criterion not met!
[1;33m⚠[0m   Criterion not met!
[1;33m⚠[0m   Criterion not met!
[0;36m[2025-10-29 23:50:42][0m Backup created: .task-backups/tracker-20251029-235042.json
[0;36m[2025-10-29 23:50:42][0m Starting task: IMP-001-T1
[0;32m✓[0m   Criterion validated
[1;33m⚠[0m   Criterion not met!
[0;32m✓[0m   Criterion validated
[1;33m⚠[0m   Criterion not met!
[0;36m[2025-10-29 23:50:51][0m Backup created: .task-backups/tracker-20251029-235051.json
[0;36m[2025-10-29 23:50:51][0m Starting task: IMP-001-T1
[0;32m✓[0m   Criterion validated
[1;33m⚠[0m   Criterion not met!
[0;32m✓[0m   Criterion validated
[1;33m⚠[0m   Criterion not met!
[0;36m[2025-10-29 23:50:59][0m Backup created: .task-backups/tracker-20251029-235059.json
[0;36m[2025-10-29 23:50:59][0m Starting task: IMP-001-T1
[0;32m✓[0m   Criterion validated
[0;32m✓[0m   Criterion validated
[0;32m✓[0m   Criterion validated
[0;32m✓[0m   Criterion validated
[0;32m✓[0m 
All entry criteria validated! Task can be started.
[0;32m✓[0m 
Task started: IMP-001-T1
[0;36m[2025-10-29 23:53:57][0m Backup created: .task-backups/tracker-20251029-235357.json
[0;36m[2025-10-29 23:53:57][0m Completing task: IMP-001-T1
[0;32m✓[0m   Criterion validated
[0;32m✓[0m   Criterion validated
[0;32m✓[0m   Criterion validated
[0;32m✓[0m   Criterion validated
[0;32m✓[0m   Criterion validated
[0;32m✓[0m 
All exit criteria validated!
[0;36m[2025-10-29 23:54:11][0m Backup created: .task-backups/tracker-20251029-235411.json
[0;36m[2025-10-29 23:54:11][0m Completing task: IMP-001-T1
[0;32m✓[0m   Criterion validated
[1;33m⚠[0m   Criterion not met!
[0;32m✓[0m   Criterion validated
[1;33m⚠[0m   Criterion not met!
[0;32m✓[0m   Criterion validated
[0;36m[2025-10-29 23:54:18][0m Backup created: .task-backups/tracker-20251029-235418.json
[0;36m[2025-10-29 23:54:18][0m Completing task: IMP-001-T1
[1;33m⚠[0m   Criterion not met!
[1;33m⚠[0m   Criterion not met!
[1;33m⚠[0m   Criterion not met!
[1;33m⚠[0m   Criterion not met!
[1;33m⚠[0m   Criterion not met!
[0;36m[2025-10-29 23:54:23][0m Backup created: .task-backups/tracker-20251029-235423.json
[0;36m[2025-10-29 23:54:23][0m Completing task: IMP-001-T1
[1;33m⚠[0m   Criterion not met!
[1;33m⚠[0m   Criterion not met!
[1;33m⚠[0m   Criterion not met!
[1;33m⚠[0m   Criterion not met!
[1;33m⚠[0m   Criterion not met!
[0;36m[2025-10-29 23:54:28][0m Backup created: .task-backups/tracker-20251029-235428.json
[0;36m[2025-10-29 23:54:28][0m Completing task: IMP-001-T1
[0;32m✓[0m   Criterion validated
[0;32m✓[0m   Criterion validated
[0;32m✓[0m   Criterion validated
[0;32m✓[0m   Criterion validated
[0;32m✓[0m   Criterion validated
[0;32m✓[0m 
All exit criteria validated!
[0;36m[2025-10-29 23:54:39][0m Backup created: .task-backups/tracker-20251029-235439.json
[0;36m[2025-10-29 23:54:39][0m Completing task: IMP-001-T1
[0;32m✓[0m   Criterion validated
[0;32m✓[0m   Criterion validated
[0;32m✓[0m   Criterion validated
[0;32m✓[0m   Criterion validated
[0;32m✓[0m   Criterion validated
[0;32m✓[0m 
All exit criteria validated!
[0;32m✓[0m 
Task completed: IMP-001-T1
[0;32m✓[0m Tasks now available:
[0;36m[2025-10-29 23:56:00][0m Backup created: .task-backups/tracker-20251029-235600.json
[0;36m[2025-10-29 23:56:00][0m Starting task: IMP-001-T2
[0;32m✓[0m   Criterion validated
[0;32m✓[0m   Criterion validated
[0;32m✓[0m   Criterion validated
[0;32m✓[0m   Criterion validated
[0;32m✓[0m 
All entry criteria validated! Task can be started.
[0;32m✓[0m 
Task started: IMP-001-T2
[0;36m[2025-10-30 00:01:03][0m Backup created: .task-backups/tracker-20251030-000103.json
[0;36m[2025-10-30 00:01:03][0m Completing task: IMP-001-T2
[0;32m✓[0m   Criterion validated
[0;32m✓[0m   Criterion validated
[0;32m✓[0m   Criterion validated
[0;32m✓[0m   Criterion validated
[0;32m✓[0m   Criterion validated
[0;32m✓[0m   Criterion validated
[0;32m✓[0m   Criterion validated
[0;32m✓[0m 
All exit criteria validated!
[0;32m✓[0m 
Task completed: IMP-001-T2
[0;32m✓[0m Tasks now available:
[0;36m[2025-10-30 00:06:00][0m Backup created: .task-backups/tracker-20251030-000600.json
[0;36m[2025-10-30 00:06:00][0m Starting task: IMP-001-T3
[1;33m⚠[0m   Criterion not met!
[1;33m⚠[0m   Criterion not met!
[1;33m⚠[0m   Criterion not met!
[1;33m⚠[0m   Criterion not met!
[1;33m⚠[0m   Criterion not met!
[0;36m[2025-10-30 00:06:05][0m Backup created: .task-backups/tracker-20251030-000605.json
[0;36m[2025-10-30 00:06:05][0m Starting task: IMP-001-T3
[0;32m✓[0m   Criterion validated
[0;32m✓[0m   Criterion validated
[0;32m✓[0m   Criterion validated
[0;32m✓[0m   Criterion validated
[0;32m✓[0m   Criterion validated
[0;32m✓[0m 
All entry criteria validated! Task can be started.
[0;32m✓[0m 
Task started: IMP-001-T3
[0;36m[2025-10-30 00:14:41][0m Backup created: .task-backups/tracker-20251030-001441.json
[0;36m[2025-10-30 00:14:41][0m Completing task: IMP-001-T3
[0;32m✓[0m   Criterion validated
[0;32m✓[0m   Criterion validated
[0;32m✓[0m   Criterion validated
[0;32m✓[0m   Criterion validated
[0;32m✓[0m   Criterion validated
[0;32m✓[0m   Criterion validated
[0;32m✓[0m   Criterion validated
[0;32m✓[0m 
All exit criteria validated!
[0;32m✓[0m 
Task completed: IMP-001-T3
[0;32m✓[0m Tasks now available:
[0;36m[2025-10-30 00:16:48][0m Backup created: .task-backups/tracker-20251030-001648.json
[0;36m[2025-10-30 00:16:48][0m Starting task: IMP-001-T4
[1;33m⚠[0m   Criterion not met!
[1;33m⚠[0m   Criterion not met!
[1;33m⚠[0m   Criterion not met!
[1;33m⚠[0m   Criterion not met!
[1;33m⚠[0m   Criterion not met!
[0;36m[2025-10-30 00:16:53][0m Backup created: .task-backups/tracker-20251030-001653.json
[0;36m[2025-10-30 00:16:53][0m Starting task: IMP-001-T4
[0;32m✓[0m   Criterion validated
[0;32m✓[0m   Criterion validated
[0;32m✓[0m   Criterion validated
[0;32m✓[0m   Criterion validated
[0;32m✓[0m   Criterion validated
[0;32m✓[0m 
All entry criteria validated! Task can be started.
[0;32m✓[0m 
Task started: IMP-001-T4
[0;36m[2025-10-30 00:22:19][0m Backup created: .task-backups/tracker-20251030-002219.json
[0;36m[2025-10-30 00:22:19][0m Completing task: IMP-001-T4
[0;32m✓[0m   Criterion validated
[0;32m✓[0m   Criterion validated
[0;32m✓[0m   Criterion validated
[0;32m✓[0m   Criterion validated
[0;32m✓[0m   Criterion validated
[0;32m✓[0m   Criterion validated
[0;32m✓[0m   Criterion validated
[0;32m✓[0m   Criterion validated
[0;32m✓[0m 
All exit criteria validated!
[0;32m✓[0m 
Task completed: IMP-001-T4
[0;32m✓[0m Tasks now available:
[0;36m[2025-10-30 00:23:39][0m Backup created: .task-backups/tracker-20251030-002339.json
[0;36m[2025-10-30 00:23:39][0m Starting task: IMP-001-T5
[0;32m✓[0m   Criterion validated
[0;32m✓[0m   Criterion validated
[0;32m✓[0m   Criterion validated
[0;32m✓[0m   Criterion validated
[0;32m✓[0m   Criterion validated
[0;32m✓[0m 
All entry criteria validated! Task can be started.
[0;32m✓[0m 
Task started: IMP-001-T5
[0;36m[2025-10-30 00:32:07][0m Backup created: .task-backups/tracker-20251030-003207.json
[0;36m[2025-10-30 00:32:07][0m Completing task: IMP-001-T5
[0;32m✓[0m   Criterion validated
[1;33m⚠[0m   Criterion not met!
[1;33m⚠[0m   Criterion not met!
[1;33m⚠[0m   Criterion not met!
[1;33m⚠[0m   Criterion not met!
[1;33m⚠[0m   Criterion not met!
[1;33m⚠[0m   Criterion not met!
[1;33m⚠[0m   Criterion not met!
